/projects/xylaria/dthomas/trimmed_wood/R1/lane1-s160-index-AAGCACTG-GTGATCCANNNN-Dc-X_S160_L001_R1_trimmed.fastq
usearch v8.0.1623_i86linux32, 4.0Gb RAM (132Gb total), 28 cores
(C) Copyright 2013-15 Robert C. Edgar, all rights reserved.
http://drive5.com/usearch

License: cphoffma@uoregon.edu

/projects/xylaria/dthomas/trimmed_wood/R1/lane1-s161-index-AAGCACTG-TTCGTACGNNNN-Dc-PosG_S161_L001_R1_trimmed.fastq
usearch v8.0.1623_i86linux32, 4.0Gb RAM (132Gb total), 28 cores
(C) Copyright 2013-15 Robert C. Edgar, all rights reserved.
http://drive5.com/usearch

License: cphoffma@uoregon.edu

/projects/xylaria/dthomas/trimmed_wood/R1/lane1-s162-index-AAGCACTG-ATGACAGGNNNN-Dc-PosI_S162_L001_R1_trimmed.fastq
usearch v8.0.1623_i86linux32, 4.0Gb RAM (132Gb total), 28 cores
(C) Copyright 2013-15 Robert C. Edgar, all rights reserved.
http://drive5.com/usearch

License: cphoffma@uoregon.edu

/projects/xylaria/dthomas/trimmed_wood/R1/lane1-s163-index-AAGCACTG-CGACCTAANNNN-Dc-Neg_S163_L001_R1_trimmed.fastq
usearch v8.0.1623_i86linux32, 4.0Gb RAM (132Gb total), 28 cores
(C) Copyright 2013-15 Robert C. Edgar, all rights reserved.
http://drive5.com/usearch

License: cphoffma@uoregon.edu

/projects/xylaria/dthomas/trimmed_wood/R1/lane1-s164-index-CTAGGTGA-GACACAGTNNNN-1w_S164_L001_R1_trimmed.fastq
usearch v8.0.1623_i86linux32, 4.0Gb RAM (132Gb total), 28 cores
(C) Copyright 2013-15 Robert C. Edgar, all rights reserved.
http://drive5.com/usearch

License: cphoffma@uoregon.edu

/projects/xylaria/dthomas/trimmed_wood/R1/lane1-s165-index-ACGACTTG-GACACAGTNNNN-2w_S165_L001_R1_trimmed.fastq
usearch v8.0.1623_i86linux32, 4.0Gb RAM (132Gb total), 28 cores
(C) Copyright 2013-15 Robert C. Edgar, all rights reserved.
http://drive5.com/usearch

License: cphoffma@uoregon.edu

/projects/xylaria/dthomas/trimmed_wood/R1/lane1-s166-index-GCATACAG-GACACAGTNNNN-3w_S166_L001_R1_trimmed.fastq
usearch v8.0.1623_i86linux32, 4.0Gb RAM (132Gb total), 28 cores
(C) Copyright 2013-15 Robert C. Edgar, all rights reserved.
http://drive5.com/usearch

License: cphoffma@uoregon.edu

/projects/xylaria/dthomas/trimmed_wood/R1/lane1-s167-index-TGCGAACT-GACACAGTNNNN-4w_S167_L001_R1_trimmed.fastq
usearch v8.0.1623_i86linux32, 4.0Gb RAM (132Gb total), 28 cores
(C) Copyright 2013-15 Robert C. Edgar, all rights reserved.
http://drive5.com/usearch

License: cphoffma@uoregon.edu

/projects/xylaria/dthomas/trimmed_wood/R1/lane1-s168-index-TCTCCGAT-GACACAGTNNNN-5w_S168_L001_R1_trimmed.fastq
usearch v8.0.1623_i86linux32, 4.0Gb RAM (132Gb total), 28 cores
(C) Copyright 2013-15 Robert C. Edgar, all rights reserved.
http://drive5.com/usearch

License: cphoffma@uoregon.edu

/projects/xylaria/dthomas/trimmed_wood/R1/lane1-s169-index-GAGGACTT-GACACAGTNNNN-7w_S169_L001_R1_trimmed.fastq
usearch v8.0.1623_i86linux32, 4.0Gb RAM (132Gb total), 28 cores
(C) Copyright 2013-15 Robert C. Edgar, all rights reserved.
http://drive5.com/usearch

License: cphoffma@uoregon.edu

/projects/xylaria/dthomas/trimmed_wood/R1/lane1-s170-index-ACCATCCA-GACACAGTNNNN-9w_S170_L001_R1_trimmed.fastq
usearch v8.0.1623_i86linux32, 4.0Gb RAM (132Gb total), 28 cores
(C) Copyright 2013-15 Robert C. Edgar, all rights reserved.
http://drive5.com/usearch

License: cphoffma@uoregon.edu

/projects/xylaria/dthomas/trimmed_wood/R1/lane1-s171-index-CAACACCT-GACACAGTNNNN-10w_S171_L001_R1_trimmed.fastq
usearch v8.0.1623_i86linux32, 4.0Gb RAM (132Gb total), 28 cores
(C) Copyright 2013-15 Robert C. Edgar, all rights reserved.
http://drive5.com/usearch

License: cphoffma@uoregon.edu

/projects/xylaria/dthomas/trimmed_wood/R1/lane1-s172-index-CTAGGTGA-GCATAACGNNNN-11w_S172_L001_R1_trimmed.fastq
usearch v8.0.1623_i86linux32, 4.0Gb RAM (132Gb total), 28 cores
(C) Copyright 2013-15 Robert C. Edgar, all rights reserved.
http://drive5.com/usearch

License: cphoffma@uoregon.edu

/projects/xylaria/dthomas/trimmed_wood/R1/lane1-s173-index-ACGACTTG-GCATAACGNNNN-13w_S173_L001_R1_trimmed.fastq
usearch v8.0.1623_i86linux32, 4.0Gb RAM (132Gb total), 28 cores
(C) Copyright 2013-15 Robert C. Edgar, all rights reserved.
http://drive5.com/usearch

License: cphoffma@uoregon.edu

/projects/xylaria/dthomas/trimmed_wood/R1/lane1-s174-index-GCATACAG-GCATAACGNNNN-14w_S174_L001_R1_trimmed.fastq
usearch v8.0.1623_i86linux32, 4.0Gb RAM (132Gb total), 28 cores
(C) Copyright 2013-15 Robert C. Edgar, all rights reserved.
http://drive5.com/usearch

License: cphoffma@uoregon.edu

/projects/xylaria/dthomas/trimmed_wood/R1/lane1-s175-index-TGCGAACT-GCATAACGNNNN-15w_S175_L001_R1_trimmed.fastq
usearch v8.0.1623_i86linux32, 4.0Gb RAM (132Gb total), 28 cores
(C) Copyright 2013-15 Robert C. Edgar, all rights reserved.
http://drive5.com/usearch

License: cphoffma@uoregon.edu

/projects/xylaria/dthomas/trimmed_wood/R1/lane1-s176-index-TCTCCGAT-GCATAACGNNNN-16w_S176_L001_R1_trimmed.fastq
usearch v8.0.1623_i86linux32, 4.0Gb RAM (132Gb total), 28 cores
(C) Copyright 2013-15 Robert C. Edgar, all rights reserved.
http://drive5.com/usearch

License: cphoffma@uoregon.edu

/projects/xylaria/dthomas/trimmed_wood/R1/lane1-s177-index-GAGGACTT-GCATAACGNNNN-17w_S177_L001_R1_trimmed.fastq
usearch v8.0.1623_i86linux32, 4.0Gb RAM (132Gb total), 28 cores
(C) Copyright 2013-15 Robert C. Edgar, all rights reserved.
http://drive5.com/usearch

License: cphoffma@uoregon.edu

/projects/xylaria/dthomas/trimmed_wood/R1/lane1-s178-index-ACCATCCA-GCATAACGNNNN-18w_S178_L001_R1_trimmed.fastq
usearch v8.0.1623_i86linux32, 4.0Gb RAM (132Gb total), 28 cores
(C) Copyright 2013-15 Robert C. Edgar, all rights reserved.
http://drive5.com/usearch

License: cphoffma@uoregon.edu

/projects/xylaria/dthomas/trimmed_wood/R1/lane1-s179-index-CAACACCT-GCATAACGNNNN-19w_S179_L001_R1_trimmed.fastq
usearch v8.0.1623_i86linux32, 4.0Gb RAM (132Gb total), 28 cores
(C) Copyright 2013-15 Robert C. Edgar, all rights reserved.
http://drive5.com/usearch

License: cphoffma@uoregon.edu

/projects/xylaria/dthomas/trimmed_wood/R1/lane1-s180-index-CTAGGTGA-ACAGAGGTNNNN-20w_S180_L001_R1_trimmed.fastq
usearch v8.0.1623_i86linux32, 4.0Gb RAM (132Gb total), 28 cores
(C) Copyright 2013-15 Robert C. Edgar, all rights reserved.
http://drive5.com/usearch

License: cphoffma@uoregon.edu

/projects/xylaria/dthomas/trimmed_wood/R1/lane1-s181-index-ACGACTTG-ACAGAGGTNNNN-21w_S181_L001_R1_trimmed.fastq
usearch v8.0.1623_i86linux32, 4.0Gb RAM (132Gb total), 28 cores
(C) Copyright 2013-15 Robert C. Edgar, all rights reserved.
http://drive5.com/usearch

License: cphoffma@uoregon.edu

/projects/xylaria/dthomas/trimmed_wood/R1/lane1-s182-index-GCATACAG-ACAGAGGTNNNN-23w_S182_L001_R1_trimmed.fastq
usearch v8.0.1623_i86linux32, 4.0Gb RAM (132Gb total), 28 cores
(C) Copyright 2013-15 Robert C. Edgar, all rights reserved.
http://drive5.com/usearch

License: cphoffma@uoregon.edu

/projects/xylaria/dthomas/trimmed_wood/R1/lane1-s183-index-TGCGAACT-ACAGAGGTNNNN-25w_S183_L001_R1_trimmed.fastq
usearch v8.0.1623_i86linux32, 4.0Gb RAM (132Gb total), 28 cores
(C) Copyright 2013-15 Robert C. Edgar, all rights reserved.
http://drive5.com/usearch

License: cphoffma@uoregon.edu

/projects/xylaria/dthomas/trimmed_wood/R1/lane1-s184-index-TCTCCGAT-ACAGAGGTNNNN-26w_S184_L001_R1_trimmed.fastq
usearch v8.0.1623_i86linux32, 4.0Gb RAM (132Gb total), 28 cores
(C) Copyright 2013-15 Robert C. Edgar, all rights reserved.
http://drive5.com/usearch

License: cphoffma@uoregon.edu

/projects/xylaria/dthomas/trimmed_wood/R1/lane1-s185-index-GAGGACTT-ACAGAGGTNNNN-27w_S185_L001_R1_trimmed.fastq
usearch v8.0.1623_i86linux32, 4.0Gb RAM (132Gb total), 28 cores
(C) Copyright 2013-15 Robert C. Edgar, all rights reserved.
http://drive5.com/usearch

License: cphoffma@uoregon.edu

/projects/xylaria/dthomas/trimmed_wood/R1/lane1-s186-index-ACCATCCA-ACAGAGGTNNNN-28w_S186_L001_R1_trimmed.fastq
usearch v8.0.1623_i86linux32, 4.0Gb RAM (132Gb total), 28 cores
(C) Copyright 2013-15 Robert C. Edgar, all rights reserved.
http://drive5.com/usearch

License: cphoffma@uoregon.edu

/projects/xylaria/dthomas/trimmed_wood/R1/lane1-s187-index-CAACACCT-ACAGAGGTNNNN-29w_S187_L001_R1_trimmed.fastq
usearch v8.0.1623_i86linux32, 4.0Gb RAM (132Gb total), 28 cores
(C) Copyright 2013-15 Robert C. Edgar, all rights reserved.
http://drive5.com/usearch

License: cphoffma@uoregon.edu

/projects/xylaria/dthomas/trimmed_wood/R1/lane1-s188-index-CTAGGTGA-CCACTAAGNNNN-30w_S188_L001_R1_trimmed.fastq
usearch v8.0.1623_i86linux32, 4.0Gb RAM (132Gb total), 28 cores
(C) Copyright 2013-15 Robert C. Edgar, all rights reserved.
http://drive5.com/usearch

License: cphoffma@uoregon.edu

/projects/xylaria/dthomas/trimmed_wood/R1/lane1-s189-index-ACGACTTG-CCACTAAGNNNN-31w_S189_L001_R1_trimmed.fastq
usearch v8.0.1623_i86linux32, 4.0Gb RAM (132Gb total), 28 cores
(C) Copyright 2013-15 Robert C. Edgar, all rights reserved.
http://drive5.com/usearch

License: cphoffma@uoregon.edu

/projects/xylaria/dthomas/trimmed_wood/R1/lane1-s190-index-GCATACAG-CCACTAAGNNNN-32w_S190_L001_R1_trimmed.fastq
usearch v8.0.1623_i86linux32, 4.0Gb RAM (132Gb total), 28 cores
(C) Copyright 2013-15 Robert C. Edgar, all rights reserved.
http://drive5.com/usearch

License: cphoffma@uoregon.edu

/projects/xylaria/dthomas/trimmed_wood/R1/lane1-s191-index-TGCGAACT-CCACTAAGNNNN-35w_S191_L001_R1_trimmed.fastq
usearch v8.0.1623_i86linux32, 4.0Gb RAM (132Gb total), 28 cores
(C) Copyright 2013-15 Robert C. Edgar, all rights reserved.
http://drive5.com/usearch

License: cphoffma@uoregon.edu

/projects/xylaria/dthomas/trimmed_wood/R1/lane1-s192-index-TCTCCGAT-CCACTAAGNNNN-36w_S192_L001_R1_trimmed.fastq
usearch v8.0.1623_i86linux32, 4.0Gb RAM (132Gb total), 28 cores
(C) Copyright 2013-15 Robert C. Edgar, all rights reserved.
http://drive5.com/usearch

License: cphoffma@uoregon.edu

/projects/xylaria/dthomas/trimmed_wood/R1/lane1-s193-index-GAGGACTT-CCACTAAGNNNN-37w_S193_L001_R1_trimmed.fastq
usearch v8.0.1623_i86linux32, 4.0Gb RAM (132Gb total), 28 cores
(C) Copyright 2013-15 Robert C. Edgar, all rights reserved.
http://drive5.com/usearch

License: cphoffma@uoregon.edu

/projects/xylaria/dthomas/trimmed_wood/R1/lane1-s194-index-ACCATCCA-CCACTAAGNNNN-38w_S194_L001_R1_trimmed.fastq
usearch v8.0.1623_i86linux32, 4.0Gb RAM (132Gb total), 28 cores
(C) Copyright 2013-15 Robert C. Edgar, all rights reserved.
http://drive5.com/usearch

License: cphoffma@uoregon.edu

/projects/xylaria/dthomas/trimmed_wood/R1/lane1-s195-index-CAACACCT-CCACTAAGNNNN-39w_S195_L001_R1_trimmed.fastq
usearch v8.0.1623_i86linux32, 4.0Gb RAM (132Gb total), 28 cores
(C) Copyright 2013-15 Robert C. Edgar, all rights reserved.
http://drive5.com/usearch

License: cphoffma@uoregon.edu

/projects/xylaria/dthomas/trimmed_wood/R1/lane1-s196-index-CTAGGTGA-TGTTCCGTNNNN-42w_S196_L001_R1_trimmed.fastq
usearch v8.0.1623_i86linux32, 4.0Gb RAM (132Gb total), 28 cores
(C) Copyright 2013-15 Robert C. Edgar, all rights reserved.
http://drive5.com/usearch

License: cphoffma@uoregon.edu

/projects/xylaria/dthomas/trimmed_wood/R1/lane1-s197-index-ACGACTTG-TGTTCCGTNNNN-45w_S197_L001_R1_trimmed.fastq
usearch v8.0.1623_i86linux32, 4.0Gb RAM (132Gb total), 28 cores
(C) Copyright 2013-15 Robert C. Edgar, all rights reserved.
http://drive5.com/usearch

License: cphoffma@uoregon.edu

/projects/xylaria/dthomas/trimmed_wood/R1/lane1-s198-index-GCATACAG-TGTTCCGTNNNN-46w_S198_L001_R1_trimmed.fastq
usearch v8.0.1623_i86linux32, 4.0Gb RAM (132Gb total), 28 cores
(C) Copyright 2013-15 Robert C. Edgar, all rights reserved.
http://drive5.com/usearch

License: cphoffma@uoregon.edu

/projects/xylaria/dthomas/trimmed_wood/R1/lane1-s199-index-TGCGAACT-TGTTCCGTNNNN-49w_S199_L001_R1_trimmed.fastq
usearch v8.0.1623_i86linux32, 4.0Gb RAM (132Gb total), 28 cores
(C) Copyright 2013-15 Robert C. Edgar, all rights reserved.
http://drive5.com/usearch

License: cphoffma@uoregon.edu

/projects/xylaria/dthomas/trimmed_wood/R1/lane1-s200-index-TCTCCGAT-TGTTCCGTNNNN-50w_S200_L001_R1_trimmed.fastq
usearch v8.0.1623_i86linux32, 4.0Gb RAM (132Gb total), 28 cores
(C) Copyright 2013-15 Robert C. Edgar, all rights reserved.
http://drive5.com/usearch

License: cphoffma@uoregon.edu

/projects/xylaria/dthomas/trimmed_wood/R1/lane1-s201-index-GAGGACTT-TGTTCCGTNNNN-52w_S201_L001_R1_trimmed.fastq
usearch v8.0.1623_i86linux32, 4.0Gb RAM (132Gb total), 28 cores
(C) Copyright 2013-15 Robert C. Edgar, all rights reserved.
http://drive5.com/usearch

License: cphoffma@uoregon.edu

/projects/xylaria/dthomas/trimmed_wood/R1/lane1-s202-index-ACCATCCA-TGTTCCGTNNNN-55w_S202_L001_R1_trimmed.fastq
usearch v8.0.1623_i86linux32, 4.0Gb RAM (132Gb total), 28 cores
(C) Copyright 2013-15 Robert C. Edgar, all rights reserved.
http://drive5.com/usearch

License: cphoffma@uoregon.edu

/projects/xylaria/dthomas/trimmed_wood/R1/lane1-s203-index-CAACACCT-TGTTCCGTNNNN-56w_S203_L001_R1_trimmed.fastq
usearch v8.0.1623_i86linux32, 4.0Gb RAM (132Gb total), 28 cores
(C) Copyright 2013-15 Robert C. Edgar, all rights reserved.
http://drive5.com/usearch

License: cphoffma@uoregon.edu

/projects/xylaria/dthomas/trimmed_wood/R1/lane1-s204-index-CTAGGTGA-GATACCTGNNNN-57w_S204_L001_R1_trimmed.fastq
usearch v8.0.1623_i86linux32, 4.0Gb RAM (132Gb total), 28 cores
(C) Copyright 2013-15 Robert C. Edgar, all rights reserved.
http://drive5.com/usearch

License: cphoffma@uoregon.edu

/projects/xylaria/dthomas/trimmed_wood/R1/lane1-s205-index-ACGACTTG-GATACCTGNNNN-58w_S205_L001_R1_trimmed.fastq
usearch v8.0.1623_i86linux32, 4.0Gb RAM (132Gb total), 28 cores
(C) Copyright 2013-15 Robert C. Edgar, all rights reserved.
http://drive5.com/usearch

License: cphoffma@uoregon.edu

/projects/xylaria/dthomas/trimmed_wood/R1/lane1-s206-index-GCATACAG-GATACCTGNNNN-59w_S206_L001_R1_trimmed.fastq
usearch v8.0.1623_i86linux32, 4.0Gb RAM (132Gb total), 28 cores
(C) Copyright 2013-15 Robert C. Edgar, all rights reserved.
http://drive5.com/usearch

License: cphoffma@uoregon.edu

/projects/xylaria/dthomas/trimmed_wood/R1/lane1-s207-index-TGCGAACT-GATACCTGNNNN-60w_S207_L001_R1_trimmed.fastq
usearch v8.0.1623_i86linux32, 4.0Gb RAM (132Gb total), 28 cores
(C) Copyright 2013-15 Robert C. Edgar, all rights reserved.
http://drive5.com/usearch

License: cphoffma@uoregon.edu

/projects/xylaria/dthomas/trimmed_wood/R1/lane1-s208-index-TCTCCGAT-GATACCTGNNNN-61w_S208_L001_R1_trimmed.fastq
usearch v8.0.1623_i86linux32, 4.0Gb RAM (132Gb total), 28 cores
(C) Copyright 2013-15 Robert C. Edgar, all rights reserved.
http://drive5.com/usearch

License: cphoffma@uoregon.edu

/projects/xylaria/dthomas/trimmed_wood/R1/lane1-s209-index-GAGGACTT-GATACCTGNNNN-64w_S209_L001_R1_trimmed.fastq
usearch v8.0.1623_i86linux32, 4.0Gb RAM (132Gb total), 28 cores
(C) Copyright 2013-15 Robert C. Edgar, all rights reserved.
http://drive5.com/usearch

License: cphoffma@uoregon.edu

/projects/xylaria/dthomas/trimmed_wood/R1/lane1-s210-index-ACCATCCA-GATACCTGNNNN-66w_S210_L001_R1_trimmed.fastq
usearch v8.0.1623_i86linux32, 4.0Gb RAM (132Gb total), 28 cores
(C) Copyright 2013-15 Robert C. Edgar, all rights reserved.
http://drive5.com/usearch

License: cphoffma@uoregon.edu

/projects/xylaria/dthomas/trimmed_wood/R1/lane1-s211-index-CAACACCT-GATACCTGNNNN-67w_S211_L001_R1_trimmed.fastq
usearch v8.0.1623_i86linux32, 4.0Gb RAM (132Gb total), 28 cores
(C) Copyright 2013-15 Robert C. Edgar, all rights reserved.
http://drive5.com/usearch

License: cphoffma@uoregon.edu

/projects/xylaria/dthomas/trimmed_wood/R1/lane1-s212-index-CTAGGTGA-AGCCGTAANNNN-68w_S212_L001_R1_trimmed.fastq
usearch v8.0.1623_i86linux32, 4.0Gb RAM (132Gb total), 28 cores
(C) Copyright 2013-15 Robert C. Edgar, all rights reserved.
http://drive5.com/usearch

License: cphoffma@uoregon.edu

/projects/xylaria/dthomas/trimmed_wood/R1/lane1-s213-index-ACGACTTG-AGCCGTAANNNN-69w_S213_L001_R1_trimmed.fastq
usearch v8.0.1623_i86linux32, 4.0Gb RAM (132Gb total), 28 cores
(C) Copyright 2013-15 Robert C. Edgar, all rights reserved.
http://drive5.com/usearch

License: cphoffma@uoregon.edu

/projects/xylaria/dthomas/trimmed_wood/R1/lane1-s214-index-GCATACAG-AGCCGTAANNNN-70w_S214_L001_R1_trimmed.fastq
usearch v8.0.1623_i86linux32, 4.0Gb RAM (132Gb total), 28 cores
(C) Copyright 2013-15 Robert C. Edgar, all rights reserved.
http://drive5.com/usearch

License: cphoffma@uoregon.edu

/projects/xylaria/dthomas/trimmed_wood/R1/lane1-s215-index-TGCGAACT-AGCCGTAANNNN-71w_S215_L001_R1_trimmed.fastq
usearch v8.0.1623_i86linux32, 4.0Gb RAM (132Gb total), 28 cores
(C) Copyright 2013-15 Robert C. Edgar, all rights reserved.
http://drive5.com/usearch

License: cphoffma@uoregon.edu

/projects/xylaria/dthomas/trimmed_wood/R1/lane1-s216-index-TCTCCGAT-AGCCGTAANNNN-72w_S216_L001_R1_trimmed.fastq
usearch v8.0.1623_i86linux32, 4.0Gb RAM (132Gb total), 28 cores
(C) Copyright 2013-15 Robert C. Edgar, all rights reserved.
http://drive5.com/usearch

License: cphoffma@uoregon.edu

/projects/xylaria/dthomas/trimmed_wood/R1/lane1-s217-index-GAGGACTT-AGCCGTAANNNN-73w_S217_L001_R1_trimmed.fastq
usearch v8.0.1623_i86linux32, 4.0Gb RAM (132Gb total), 28 cores
(C) Copyright 2013-15 Robert C. Edgar, all rights reserved.
http://drive5.com/usearch

License: cphoffma@uoregon.edu

/projects/xylaria/dthomas/trimmed_wood/R1/lane1-s218-index-ACCATCCA-AGCCGTAANNNN-74w_S218_L001_R1_trimmed.fastq
usearch v8.0.1623_i86linux32, 4.0Gb RAM (132Gb total), 28 cores
(C) Copyright 2013-15 Robert C. Edgar, all rights reserved.
http://drive5.com/usearch

License: cphoffma@uoregon.edu

/projects/xylaria/dthomas/trimmed_wood/R1/lane1-s219-index-CAACACCT-AGCCGTAANNNN-75w_S219_L001_R1_trimmed.fastq
usearch v8.0.1623_i86linux32, 4.0Gb RAM (132Gb total), 28 cores
(C) Copyright 2013-15 Robert C. Edgar, all rights reserved.
http://drive5.com/usearch

License: cphoffma@uoregon.edu

/projects/xylaria/dthomas/trimmed_wood/R1/lane1-s220-index-CTAGGTGA-CTCCTGAANNNN-76w_S220_L001_R1_trimmed.fastq
usearch v8.0.1623_i86linux32, 4.0Gb RAM (132Gb total), 28 cores
(C) Copyright 2013-15 Robert C. Edgar, all rights reserved.
http://drive5.com/usearch

License: cphoffma@uoregon.edu

/projects/xylaria/dthomas/trimmed_wood/R1/lane1-s221-index-ACGACTTG-CTCCTGAANNNN-79w_S221_L001_R1_trimmed.fastq
usearch v8.0.1623_i86linux32, 4.0Gb RAM (132Gb total), 28 cores
(C) Copyright 2013-15 Robert C. Edgar, all rights reserved.
http://drive5.com/usearch

License: cphoffma@uoregon.edu

/projects/xylaria/dthomas/trimmed_wood/R1/lane1-s222-index-GCATACAG-CTCCTGAANNNN-81w_S222_L001_R1_trimmed.fastq
usearch v8.0.1623_i86linux32, 4.0Gb RAM (132Gb total), 28 cores
(C) Copyright 2013-15 Robert C. Edgar, all rights reserved.
http://drive5.com/usearch

License: cphoffma@uoregon.edu

/projects/xylaria/dthomas/trimmed_wood/R1/lane1-s223-index-TGCGAACT-CTCCTGAANNNN-82w_S223_L001_R1_trimmed.fastq
usearch v8.0.1623_i86linux32, 4.0Gb RAM (132Gb total), 28 cores
(C) Copyright 2013-15 Robert C. Edgar, all rights reserved.
http://drive5.com/usearch

License: cphoffma@uoregon.edu

/projects/xylaria/dthomas/trimmed_wood/R1/lane1-s224-index-TCTCCGAT-CTCCTGAANNNN-84w_S224_L001_R1_trimmed.fastq
usearch v8.0.1623_i86linux32, 4.0Gb RAM (132Gb total), 28 cores
(C) Copyright 2013-15 Robert C. Edgar, all rights reserved.
http://drive5.com/usearch

License: cphoffma@uoregon.edu

/projects/xylaria/dthomas/trimmed_wood/R1/lane1-s225-index-GAGGACTT-CTCCTGAANNNN-85w_S225_L001_R1_trimmed.fastq
usearch v8.0.1623_i86linux32, 4.0Gb RAM (132Gb total), 28 cores
(C) Copyright 2013-15 Robert C. Edgar, all rights reserved.
http://drive5.com/usearch

License: cphoffma@uoregon.edu

/projects/xylaria/dthomas/trimmed_wood/R1/lane1-s226-index-ACCATCCA-CTCCTGAANNNN-86w_S226_L001_R1_trimmed.fastq
usearch v8.0.1623_i86linux32, 4.0Gb RAM (132Gb total), 28 cores
(C) Copyright 2013-15 Robert C. Edgar, all rights reserved.
http://drive5.com/usearch

License: cphoffma@uoregon.edu

/projects/xylaria/dthomas/trimmed_wood/R1/lane1-s227-index-CAACACCT-CTCCTGAANNNN-87w_S227_L001_R1_trimmed.fastq
usearch v8.0.1623_i86linux32, 4.0Gb RAM (132Gb total), 28 cores
(C) Copyright 2013-15 Robert C. Edgar, all rights reserved.
http://drive5.com/usearch

License: cphoffma@uoregon.edu

/projects/xylaria/dthomas/trimmed_wood/R1/lane1-s228-index-CTAGGTGA-ACGAATCCNNNN-88w_S228_L001_R1_trimmed.fastq
usearch v8.0.1623_i86linux32, 4.0Gb RAM (132Gb total), 28 cores
(C) Copyright 2013-15 Robert C. Edgar, all rights reserved.
http://drive5.com/usearch

License: cphoffma@uoregon.edu

/projects/xylaria/dthomas/trimmed_wood/R1/lane1-s229-index-ACGACTTG-ACGAATCCNNNN-89w_S229_L001_R1_trimmed.fastq
usearch v8.0.1623_i86linux32, 4.0Gb RAM (132Gb total), 28 cores
(C) Copyright 2013-15 Robert C. Edgar, all rights reserved.
http://drive5.com/usearch

License: cphoffma@uoregon.edu

/projects/xylaria/dthomas/trimmed_wood/R1/lane1-s230-index-GCATACAG-ACGAATCCNNNN-92w_S230_L001_R1_trimmed.fastq
usearch v8.0.1623_i86linux32, 4.0Gb RAM (132Gb total), 28 cores
(C) Copyright 2013-15 Robert C. Edgar, all rights reserved.
http://drive5.com/usearch

License: cphoffma@uoregon.edu

/projects/xylaria/dthomas/trimmed_wood/R1/lane1-s231-index-TGCGAACT-ACGAATCCNNNN-93w_S231_L001_R1_trimmed.fastq
usearch v8.0.1623_i86linux32, 4.0Gb RAM (132Gb total), 28 cores
(C) Copyright 2013-15 Robert C. Edgar, all rights reserved.
http://drive5.com/usearch

License: cphoffma@uoregon.edu

/projects/xylaria/dthomas/trimmed_wood/R1/lane1-s232-index-TCTCCGAT-ACGAATCCNNNN-94w_S232_L001_R1_trimmed.fastq
usearch v8.0.1623_i86linux32, 4.0Gb RAM (132Gb total), 28 cores
(C) Copyright 2013-15 Robert C. Edgar, all rights reserved.
http://drive5.com/usearch

License: cphoffma@uoregon.edu

/projects/xylaria/dthomas/trimmed_wood/R1/lane1-s233-index-GAGGACTT-ACGAATCCNNNN-95w_S233_L001_R1_trimmed.fastq
usearch v8.0.1623_i86linux32, 4.0Gb RAM (132Gb total), 28 cores
(C) Copyright 2013-15 Robert C. Edgar, all rights reserved.
http://drive5.com/usearch

License: cphoffma@uoregon.edu

/projects/xylaria/dthomas/trimmed_wood/R1/lane1-s234-index-ACCATCCA-ACGAATCCNNNN-96w_S234_L001_R1_trimmed.fastq
usearch v8.0.1623_i86linux32, 4.0Gb RAM (132Gb total), 28 cores
(C) Copyright 2013-15 Robert C. Edgar, all rights reserved.
http://drive5.com/usearch

License: cphoffma@uoregon.edu

/projects/xylaria/dthomas/trimmed_wood/R1/lane1-s235-index-CAACACCT-ACGAATCCNNNN-97w_S235_L001_R1_trimmed.fastq
usearch v8.0.1623_i86linux32, 4.0Gb RAM (132Gb total), 28 cores
(C) Copyright 2013-15 Robert C. Edgar, all rights reserved.
http://drive5.com/usearch

License: cphoffma@uoregon.edu

/projects/xylaria/dthomas/trimmed_wood/R1/lane1-s236-index-CTAGGTGA-AATGGTCGNNNN-99w_S236_L001_R1_trimmed.fastq
usearch v8.0.1623_i86linux32, 4.0Gb RAM (132Gb total), 28 cores
(C) Copyright 2013-15 Robert C. Edgar, all rights reserved.
http://drive5.com/usearch

License: cphoffma@uoregon.edu

/projects/xylaria/dthomas/trimmed_wood/R1/lane1-s237-index-ACGACTTG-AATGGTCGNNNN-100w_S237_L001_R1_trimmed.fastq
usearch v8.0.1623_i86linux32, 4.0Gb RAM (132Gb total), 28 cores
(C) Copyright 2013-15 Robert C. Edgar, all rights reserved.
http://drive5.com/usearch

License: cphoffma@uoregon.edu

/projects/xylaria/dthomas/trimmed_wood/R1/lane1-s238-index-GCATACAG-AATGGTCGNNNN-101w_S238_L001_R1_trimmed.fastq
usearch v8.0.1623_i86linux32, 4.0Gb RAM (132Gb total), 28 cores
(C) Copyright 2013-15 Robert C. Edgar, all rights reserved.
http://drive5.com/usearch

License: cphoffma@uoregon.edu

/projects/xylaria/dthomas/trimmed_wood/R1/lane1-s239-index-TGCGAACT-AATGGTCGNNNN-102w_S239_L001_R1_trimmed.fastq
usearch v8.0.1623_i86linux32, 4.0Gb RAM (132Gb total), 28 cores
(C) Copyright 2013-15 Robert C. Edgar, all rights reserved.
http://drive5.com/usearch

License: cphoffma@uoregon.edu

/projects/xylaria/dthomas/trimmed_wood/R1/lane1-s240-index-TCTCCGAT-AATGGTCGNNNN-104w_S240_L001_R1_trimmed.fastq
usearch v8.0.1623_i86linux32, 4.0Gb RAM (132Gb total), 28 cores
(C) Copyright 2013-15 Robert C. Edgar, all rights reserved.
http://drive5.com/usearch

License: cphoffma@uoregon.edu

/projects/xylaria/dthomas/trimmed_wood/R1/lane1-s241-index-GAGGACTT-AATGGTCGNNNN-106w_S241_L001_R1_trimmed.fastq
usearch v8.0.1623_i86linux32, 4.0Gb RAM (132Gb total), 28 cores
(C) Copyright 2013-15 Robert C. Edgar, all rights reserved.
http://drive5.com/usearch

License: cphoffma@uoregon.edu

/projects/xylaria/dthomas/trimmed_wood/R1/lane1-s242-index-ACCATCCA-AATGGTCGNNNN-107w_S242_L001_R1_trimmed.fastq
usearch v8.0.1623_i86linux32, 4.0Gb RAM (132Gb total), 28 cores
(C) Copyright 2013-15 Robert C. Edgar, all rights reserved.
http://drive5.com/usearch

License: cphoffma@uoregon.edu

/projects/xylaria/dthomas/trimmed_wood/R1/lane1-s243-index-CAACACCT-AATGGTCGNNNN-108w_S243_L001_R1_trimmed.fastq
usearch v8.0.1623_i86linux32, 4.0Gb RAM (132Gb total), 28 cores
(C) Copyright 2013-15 Robert C. Edgar, all rights reserved.
http://drive5.com/usearch

License: cphoffma@uoregon.edu

/projects/xylaria/dthomas/trimmed_wood/R1/lane1-s244-index-CTAGGTGA-CGCTACATNNNN-109w_S244_L001_R1_trimmed.fastq
usearch v8.0.1623_i86linux32, 4.0Gb RAM (132Gb total), 28 cores
(C) Copyright 2013-15 Robert C. Edgar, all rights reserved.
http://drive5.com/usearch

License: cphoffma@uoregon.edu

/projects/xylaria/dthomas/trimmed_wood/R1/lane1-s245-index-ACGACTTG-CGCTACATNNNN-114w_S245_L001_R1_trimmed.fastq
usearch v8.0.1623_i86linux32, 4.0Gb RAM (132Gb total), 28 cores
(C) Copyright 2013-15 Robert C. Edgar, all rights reserved.
http://drive5.com/usearch

License: cphoffma@uoregon.edu

/projects/xylaria/dthomas/trimmed_wood/R1/lane1-s246-index-GCATACAG-CGCTACATNNNN-115w_S246_L001_R1_trimmed.fastq
usearch v8.0.1623_i86linux32, 4.0Gb RAM (132Gb total), 28 cores
(C) Copyright 2013-15 Robert C. Edgar, all rights reserved.
http://drive5.com/usearch

License: cphoffma@uoregon.edu

/projects/xylaria/dthomas/trimmed_wood/R1/lane1-s247-index-TGCGAACT-CGCTACATNNNN-121w_S247_L001_R1_trimmed.fastq
usearch v8.0.1623_i86linux32, 4.0Gb RAM (132Gb total), 28 cores
(C) Copyright 2013-15 Robert C. Edgar, all rights reserved.
http://drive5.com/usearch

License: cphoffma@uoregon.edu

/projects/xylaria/dthomas/trimmed_wood/R1/lane1-s248-index-TCTCCGAT-CGCTACATNNNN-124w_S248_L001_R1_trimmed.fastq
usearch v8.0.1623_i86linux32, 4.0Gb RAM (132Gb total), 28 cores
(C) Copyright 2013-15 Robert C. Edgar, all rights reserved.
http://drive5.com/usearch

License: cphoffma@uoregon.edu

/projects/xylaria/dthomas/trimmed_wood/R1/lane1-s249-index-GAGGACTT-CGCTACATNNNN-125w_S249_L001_R1_trimmed.fastq
usearch v8.0.1623_i86linux32, 4.0Gb RAM (132Gb total), 28 cores
(C) Copyright 2013-15 Robert C. Edgar, all rights reserved.
http://drive5.com/usearch

License: cphoffma@uoregon.edu

/projects/xylaria/dthomas/trimmed_wood/R1/lane1-s250-index-ACCATCCA-CGCTACATNNNN-128w_S250_L001_R1_trimmed.fastq
usearch v8.0.1623_i86linux32, 4.0Gb RAM (132Gb total), 28 cores
(C) Copyright 2013-15 Robert C. Edgar, all rights reserved.
http://drive5.com/usearch

License: cphoffma@uoregon.edu

/projects/xylaria/dthomas/trimmed_wood/R1/lane1-s251-index-CAACACCT-CGCTACATNNNN-129w_S251_L001_R1_trimmed.fastq
usearch v8.0.1623_i86linux32, 4.0Gb RAM (132Gb total), 28 cores
(C) Copyright 2013-15 Robert C. Edgar, all rights reserved.
http://drive5.com/usearch

License: cphoffma@uoregon.edu

/projects/xylaria/dthomas/trimmed_wood/R1/lane1-s252-index-CTAGGTGA-CCTAAGTCNNNN-130w_S252_L001_R1_trimmed.fastq
usearch v8.0.1623_i86linux32, 4.0Gb RAM (132Gb total), 28 cores
(C) Copyright 2013-15 Robert C. Edgar, all rights reserved.
http://drive5.com/usearch

License: cphoffma@uoregon.edu

/projects/xylaria/dthomas/trimmed_wood/R1/lane1-s253-index-ACGACTTG-CCTAAGTCNNNN-131w_S253_L001_R1_trimmed.fastq
usearch v8.0.1623_i86linux32, 4.0Gb RAM (132Gb total), 28 cores
(C) Copyright 2013-15 Robert C. Edgar, all rights reserved.
http://drive5.com/usearch

License: cphoffma@uoregon.edu

/projects/xylaria/dthomas/trimmed_wood/R1/lane1-s254-index-GCATACAG-CCTAAGTCNNNN-133w_S254_L001_R1_trimmed.fastq
usearch v8.0.1623_i86linux32, 4.0Gb RAM (132Gb total), 28 cores
(C) Copyright 2013-15 Robert C. Edgar, all rights reserved.
http://drive5.com/usearch

License: cphoffma@uoregon.edu

/projects/xylaria/dthomas/trimmed_wood/R1/lane1-s255-index-TGCGAACT-CCTAAGTCNNNN-Neg_S255_L001_R1_trimmed.fastq
usearch v8.0.1623_i86linux32, 4.0Gb RAM (132Gb total), 28 cores
(C) Copyright 2013-15 Robert C. Edgar, all rights reserved.
http://drive5.com/usearch

License: cphoffma@uoregon.edu

/projects/xylaria/dthomas/trimmed_wood/R1/lane1-s256-index-TCTCCGAT-CCTAAGTCNNNN-PosG_S256_L001_R1_trimmed.fastq
usearch v8.0.1623_i86linux32, 4.0Gb RAM (132Gb total), 28 cores
(C) Copyright 2013-15 Robert C. Edgar, all rights reserved.
http://drive5.com/usearch

License: cphoffma@uoregon.edu

/projects/xylaria/dthomas/trimmed_wood/R1/lane1-s257-index-GAGGACTT-CCTAAGTCNNNN-PosI_S257_L001_R1_trimmed.fastq
usearch v8.0.1623_i86linux32, 4.0Gb RAM (132Gb total), 28 cores
(C) Copyright 2013-15 Robert C. Edgar, all rights reserved.
http://drive5.com/usearch

License: cphoffma@uoregon.edu

